2017-11-08 18:21:28 INFO  properties:59 - Sweet Search
2017-11-08 19:01:06 INFO  properties:61 - Sweet Search
2017-11-09 15:23:31 INFO  properties:125 - AddTo MyBasket
2017-11-09 15:37:02 INFO  properties:125 - AddTo MyBasket
2017-11-09 17:18:43 INFO  properties:129 - AddTo MyBasket
2017-11-09 18:38:18 INFO  properties:129 - AddTo MyBasket
2017-11-09 18:40:18 INFO  properties:67 - Sweet Search
2017-11-09 18:41:05 INFO  properties:129 - AddTo MyBasket
2017-11-11 10:35:34 INFO  properties:131 - AddTo MyBasket
2017-11-11 10:52:07 INFO  properties:139 - AddTo MyBasket
2017-11-11 12:13:43 INFO  properties:143 - AddTo MyBasket
2017-11-11 12:15:51 INFO  properties:81 - Sweet Search
2017-11-11 12:17:54 INFO  properties:258 - BBCancelMyOrder
2017-11-11 12:19:58 INFO  properties:216 - BBDecreaseItemQuantity
2017-11-11 12:22:14 INFO  properties:168 - BBEmpty Basket
2017-11-11 12:24:24 INFO  properties:326 - BBFilterOnContents
2017-11-11 12:26:27 INFO  properties:302 - BBFilterOnFlavour
2017-11-11 12:28:28 INFO  properties:274 - BBFilterOnPrice
2017-11-11 12:30:30 INFO  properties:185 - BBIncreaseItemQuantity
2017-11-11 12:32:48 INFO  properties:357 - BBMoreStores
2017-11-11 12:35:37 INFO  properties:231 - BBRemoveItemFromMyBasket
2017-11-11 13:13:52 INFO  properties:165 - AddTo MyBasket
2017-11-11 14:33:23 INFO  properties:167 - AddTo MyBasket
2017-11-11 14:35:27 INFO  properties:103 - Sweet Search
2017-11-11 15:01:46 INFO  properties:169 - AddTo MyBasket
2017-11-11 15:04:14 INFO  properties:105 - Sweet Search
2017-11-11 16:19:04 INFO  properties:173 - AddTo MyBasket
2017-11-11 16:21:32 INFO  properties:109 - Sweet Search
2017-11-14 11:06:17 INFO  properties:186 - AddTo MyBasket
2017-11-14 11:08:49 INFO  properties:111 - Sweet Search
2017-11-14 11:14:26 INFO  properties:188 - AddTo MyBasket
2017-11-14 11:17:05 INFO  properties:113 - Sweet Search
2017-11-14 11:26:41 INFO  properties:189 - AddTo MyBasket
2017-11-14 11:29:10 INFO  properties:113 - Sweet Search
2017-11-14 11:37:37 INFO  properties:189 - AddTo MyBasket
2017-11-14 11:40:12 INFO  properties:113 - Sweet Search
2017-11-14 13:07:15 INFO  properties:189 - AddTo MyBasket
2017-11-14 13:09:44 INFO  properties:113 - Sweet Search
2017-11-14 13:20:21 INFO  properties:189 - AddTo MyBasket
2017-11-14 13:22:30 INFO  properties:113 - Sweet Search
2017-11-14 17:34:52 INFO  properties:189 - AddTo MyBasket
2017-11-14 17:37:21 INFO  properties:113 - Sweet Search
2017-11-14 17:49:48 INFO  properties:191 - AddTo MyBasket
2017-11-14 17:55:05 INFO  properties:191 - AddTo MyBasket
2017-11-14 18:07:47 INFO  properties:193 - AddTo MyBasket
2017-11-14 18:24:43 INFO  properties:193 - AddTo MyBasket
2017-11-15 14:29:34 INFO  properties:117 - Sweet Search
2017-11-15 14:36:52 INFO  properties:117 - Sweet Search
2017-11-15 14:41:53 INFO  properties:313 - BBCancelMyOrder
2017-11-15 15:25:47 INFO  properties:195 - AddTo MyBasket
2017-11-15 17:11:57 INFO  properties:195 - AddTo MyBasket
2017-11-15 17:19:22 INFO  properties:195 - AddTo MyBasket
2017-11-15 17:27:37 INFO  properties:195 - AddTo MyBasket
2017-11-15 17:30:10 INFO  properties:119 - Sweet Search
2017-11-16 10:46:10 INFO  properties:196 - AddTo MyBasket
2017-11-16 10:55:33 INFO  properties:196 - AddTo MyBasket
2017-11-16 10:57:34 INFO  properties:120 - Sweet Search
2017-11-16 11:11:50 INFO  properties:198 - AddTo MyBasket
2017-11-16 11:14:27 INFO  properties:121 - Sweet Search
2017-11-16 11:55:53 INFO  properties:198 - AddTo MyBasket
2017-11-16 11:58:23 INFO  properties:121 - Sweet Search
2017-11-16 12:14:21 INFO  properties:199 - AddTo MyBasket
2017-11-16 12:16:59 INFO  properties:121 - Sweet Search
2017-11-16 12:30:23 INFO  properties:200 - AddTo MyBasket
2017-11-16 12:33:05 INFO  properties:121 - Sweet Search
2017-11-16 12:39:40 INFO  properties:200 - AddTo MyBasket
2017-11-16 12:42:09 INFO  properties:121 - Sweet Search
2017-11-16 12:57:30 INFO  properties:200 - AddTo MyBasket
2017-11-16 13:00:04 INFO  properties:121 - Sweet Search
2017-11-16 13:47:40 INFO  properties:202 - AddTo MyBasket
2017-11-16 13:50:06 INFO  properties:121 - Sweet Search
2017-11-16 13:56:21 INFO  properties:202 - AddTo MyBasket
2017-11-16 13:58:50 INFO  properties:121 - Sweet Search
2017-11-16 14:18:24 INFO  properties:202 - AddTo MyBasket
2017-11-16 14:20:53 INFO  properties:121 - Sweet Search
2017-11-16 14:26:26 INFO  properties:204 - AddTo MyBasket
2017-11-16 14:28:58 INFO  properties:121 - Sweet Search
2017-11-16 15:27:04 INFO  properties:204 - AddTo MyBasket
2017-11-16 15:29:36 INFO  properties:121 - Sweet Search
2017-11-16 15:51:08 INFO  properties:205 - AddTo MyBasket
2017-11-16 15:53:36 INFO  properties:122 - Sweet Search
2017-11-16 16:38:16 INFO  properties:205 - AddTo MyBasket
2017-11-16 16:38:23 INFO  properties:205 - AddTo MyBasket
2017-11-16 16:40:54 INFO  properties:122 - Sweet Search
2017-11-16 16:40:58 INFO  properties:122 - Sweet Search
2017-11-16 16:47:49 INFO  properties:206 - AddTo MyBasket
2017-11-16 16:50:18 INFO  properties:122 - Sweet Search
2017-11-20 11:37:55 INFO  properties:206 - AddTo MyBasket
2017-11-20 11:39:01 INFO  properties:122 - Sweet Search
2017-11-20 12:31:18 INFO  properties:206 - AddTo MyBasket
2017-11-20 12:32:26 INFO  properties:122 - Sweet Search
2017-11-20 12:43:20 INFO  properties:207 - AddTo MyBasket
2017-11-20 12:44:25 INFO  properties:122 - Sweet Search
2017-11-20 12:50:35 INFO  properties:207 - AddTo MyBasket
2017-11-20 12:51:41 INFO  properties:322 - BBCancelMyOrder
2017-11-20 12:52:48 INFO  properties:280 - BBDecreaseItemQuantity
2017-11-20 12:54:47 INFO  properties:232 - BBEmpty Basket
2017-11-20 12:55:36 INFO  properties:208 - AddTo MyBasket
2017-11-20 12:56:00 INFO  properties:390 - BBFilterOnContents
2017-11-20 12:56:43 INFO  properties:323 - BBCancelMyOrder
2017-11-20 12:56:56 INFO  properties:366 - BBFilterOnFlavour
2017-11-20 12:57:38 INFO  properties:281 - BBDecreaseItemQuantity
2017-11-20 13:00:32 INFO  properties:209 - AddTo MyBasket
2017-11-20 13:02:24 INFO  properties:324 - BBCancelMyOrder
2017-11-20 13:03:35 INFO  properties:282 - BBDecreaseItemQuantity
2017-11-20 13:04:41 INFO  properties:234 - BBEmpty Basket
2017-11-20 13:11:53 INFO  properties:209 - AddTo MyBasket
2017-11-20 13:12:50 INFO  properties:123 - Sweet Search
2017-11-20 15:03:35 INFO  properties:167 - AddTo MyBasket
2017-11-20 15:04:57 INFO  properties:68 - Sweet Search
2017-11-20 15:23:31 INFO  properties:171 - AddTo MyBasket
2017-11-20 15:24:56 INFO  properties:68 - Sweet Search
2017-11-20 15:31:53 INFO  properties:175 - AddTo MyBasket
2017-11-20 15:33:20 INFO  properties:68 - Sweet Search
2017-11-20 15:39:00 INFO  properties:176 - AddTo MyBasket
2017-11-20 15:40:10 INFO  properties:68 - Sweet Search
2017-11-20 15:42:21 INFO  properties:297 - BBCancelMyOrder
2017-11-20 15:44:02 INFO  properties:253 - BBDecreaseItemQuantity
2017-11-20 15:55:26 INFO  properties:190 - AddTo MyBasket
2017-11-20 15:56:33 INFO  properties:70 - Sweet Search
2017-11-20 15:58:28 INFO  properties:376 - BBCancelMyOrder
2017-11-20 15:59:43 INFO  properties:306 - BBDecreaseItemQuantity
2017-11-20 16:00:51 INFO  properties:230 - BBEmpty Basket
2017-11-20 16:02:05 INFO  properties:486 - BBFilterOnContents
2017-11-20 16:03:25 INFO  properties:448 - BBFilterOnFlavour
2017-11-20 16:04:36 INFO  properties:406 - BBFilterOnPrice
2017-11-20 16:07:04 INFO  properties:261 - BBIncreaseItemQuantity
2017-11-20 16:09:51 INFO  properties:531 - BBMoreStores
2017-11-20 16:10:55 INFO  properties:335 - BBRemoveItemFromMyBasket
2017-11-21 10:21:32 INFO  properties:70 - Sweet Search
2017-11-21 10:26:19 INFO  properties:177 - AddTo MyBasket
2017-11-21 10:29:03 INFO  properties:217 - BBEmpty Basket
2017-11-21 14:22:48 INFO  properties:70 - Sweet Search
2017-11-21 14:27:53 INFO  properties:177 - AddTo MyBasket
2017-11-21 16:44:33 INFO  properties:87 - Sweet Search
2017-11-21 16:49:26 INFO  properties:187 - AddTo MyBasket
2017-11-21 16:52:04 INFO  properties:220 - BBEmpty Basket
2017-11-21 16:54:42 INFO  properties:246 - BBIncreaseItemQuantity
2017-11-21 18:19:30 INFO  properties:87 - Sweet Search
2017-11-21 18:34:41 INFO  properties:87 - Sweet Search
2017-11-21 18:44:01 INFO  properties:87 - Sweet Search
2017-11-21 18:49:31 INFO  properties:187 - AddTo MyBasket
2017-11-21 18:52:12 INFO  properties:220 - BBEmpty Basket
2017-11-22 11:59:53 INFO  properties:87 - Sweet Search
2017-11-22 12:04:34 INFO  properties:187 - AddTo MyBasket
2017-11-22 12:07:21 INFO  properties:220 - BBEmpty Basket
2017-11-22 12:10:03 INFO  properties:246 - BBIncreaseItemQuantity
2017-11-22 12:12:23 INFO  properties:285 - BBDecreaseItemQuantity
2017-11-22 12:14:42 INFO  properties:314 - BBRemoveItemFromMyBasket
2017-11-22 12:17:20 INFO  properties:355 - BBCancelMyOrder
2017-11-22 12:19:28 INFO  properties:385 - BBFilterOnPrice
2017-11-22 12:22:19 INFO  properties:427 - BBFilterOnFlavour
2017-11-22 12:25:01 INFO  properties:465 - BBFilterOnContents
2017-11-22 12:27:44 INFO  properties:510 - BBMoreStores
2017-11-22 12:30:27 INFO  properties:87 - Sweet Search
2017-11-22 12:34:14 INFO  properties:195 - AddTo MyBasket
2017-11-22 12:36:57 INFO  properties:228 - BBEmpty Basket
2017-11-22 12:43:19 INFO  properties:87 - Sweet Search
2017-11-22 12:47:54 INFO  properties:195 - AddTo MyBasket
2017-11-22 12:48:20 INFO  properties:198 - BBSpeciality Tab Clicked
2017-11-22 12:54:40 INFO  properties:195 - AddTo MyBasket
2017-11-22 12:55:06 INFO  properties:198 - BBSpeciality Tab Clicked
2017-11-22 12:59:35 INFO  properties:195 - AddTo MyBasket
2017-11-22 13:00:04 INFO  properties:198 - BBSpeciality Tab Clicked
2017-11-22 13:02:57 INFO  properties:195 - AddTo MyBasket
2017-11-22 13:03:23 INFO  properties:198 - BBSpeciality Tab Clicked
2017-11-22 13:09:56 INFO  properties:489 - BBFilterOnContents
2017-11-22 14:37:47 INFO  properties:489 - BBFilterOnContents
2017-11-22 14:45:41 INFO  properties:196 - AddTo MyBasket
2017-11-22 14:46:07 INFO  properties:199 - BBSpeciality Tab Clicked
2017-11-22 14:53:58 INFO  properties:197 - AddTo MyBasket
2017-11-22 14:54:24 INFO  properties:200 - BBSpeciality Tab Clicked
2017-11-22 15:02:53 INFO  properties:197 - BBAddTo MyBasket
2017-11-22 15:30:39 INFO  properties:197 - BBAddTo MyBasket
2017-11-22 16:44:27 INFO  properties:197 - BBAddTo MyBasket
2017-11-22 16:47:16 INFO  properties:197 - BBAddTo MyBasket
2017-11-22 17:20:19 INFO  properties:180 - BBAddTo MyBasket
2017-11-22 17:55:28 INFO  properties:193 - BBAddTo MyBasket
2017-11-22 18:05:45 INFO  properties:187 - BBAddTo MyBasket
